<?xml version="1.0" encoding="UTF-8"?>
<!-- Generated by org.testng.reporters.JUnitReportReporter -->
<testsuite hostname="DESKTOP-6CD96NC" failures="0" tests="2" name="TestCase.CarInsuranceTest" time="47.517" errors="0" timestamp="18 May 2021 08:57:34 GMT" skipped="0">
  <testcase classname="TestCase.CarInsuranceTest" name="CarInsuranceQuoteTest" time="28.922"/>
  <testcase classname="TestCase.CarInsuranceTest" name="CarInsuranceQuoteTest" time="18.595"/>
</testsuite> <!-- TestCase.CarInsuranceTest -->
