<?xml version="1.0" encoding="UTF-8"?>
<!-- Generated by org.testng.reporters.JUnitReportReporter -->
<testsuite hostname="DESKTOP-6CD96NC" failures="0" tests="1" name="TestCase.HealthInsuranceTest" time="9.708" errors="0" timestamp="18 May 2021 08:57:34 GMT" skipped="0">
  <testcase classname="TestCase.HealthInsuranceTest" name="HealthInsuranceMenuTest" time="9.708"/>
</testsuite> <!-- TestCase.HealthInsuranceTest -->
