<?xml version="1.0" encoding="UTF-8"?>
<!-- Generated by org.testng.reporters.JUnitReportReporter -->
<testsuite hostname="DESKTOP-3LVC8ES" failures="0" tests="4" name="TestCase.CarInsuranceTest" time="88.463" errors="0" timestamp="2021-07-20T18:22:54 IST" skipped="0">
  <testcase classname="TestCase.CarInsuranceTest" name="CarInsuranceQuoteTest" time="24.706"/>
  <system-out/>
  <testcase classname="TestCase.CarInsuranceTest" name="CarInsuranceQuoteTest" time="19.884"/>
  <system-out/>
  <testcase classname="TestCase.CarInsuranceTest" name="CarInsuranceQuoteTest" time="24.131"/>
  <system-out/>
  <testcase classname="TestCase.CarInsuranceTest" name="CarInsuranceQuoteTest" time="19.742"/>
  <system-out/>
</testsuite> <!-- TestCase.CarInsuranceTest -->
