<?xml version="1.0" encoding="UTF-8"?>
<!-- Generated by org.testng.reporters.JUnitReportReporter -->
<testsuite hostname="DESKTOP-3LVC8ES" failures="0" tests="2" name="TestCase.HealthInsuranceTest" time="18.405" errors="0" timestamp="2021-07-20T18:22:54 IST" skipped="0">
  <testcase classname="TestCase.HealthInsuranceTest" name="HealthInsuranceMenuTest" time="9.789"/>
  <system-out/>
  <testcase classname="TestCase.HealthInsuranceTest" name="HealthInsuranceMenuTest" time="8.616"/>
  <system-out/>
</testsuite> <!-- TestCase.HealthInsuranceTest -->
