<?xml version="1.0" encoding="UTF-8"?>
<!-- Generated by org.testng.reporters.JUnitReportReporter -->
<testsuite hostname="DESKTOP-3LVC8ES" failures="0" tests="2" name="TestCase.TravelnsuranceTest" time="53.366" errors="0" timestamp="2021-07-20T18:22:54 IST" skipped="0">
  <testcase classname="TestCase.TravelnsuranceTest" name="InsurancePlanTest" time="26.967"/>
  <system-out/>
  <testcase classname="TestCase.TravelnsuranceTest" name="InsurancePlanTest" time="26.399"/>
  <system-out/>
</testsuite> <!-- TestCase.TravelnsuranceTest -->
